root:x:0:0:root:/root:/bin/bash
daemon:x:1:1:daemon:/usr/sbin:/usr/sbin/nologin
bin:x:2:2:bin:/bin:/usr/sbin/nologin
sys:x:3:3:sys:/dev:/usr/sbin/nologin
sync:x:4:65534:sync:/bin:/bin/sync
games:x:5:60:games:/usr/games:/usr/sbin/nologin
man:x:6:12:man:/var/cache/man:/usr/sbin/nologin
lp:x:7:7:lp:/var/spool/lpd:/usr/sbin/nologin
mail:x:8:8:mail:/var/mail:/usr/sbin/nologin
news:x:9:9:news:/var/spool/news:/usr/sbin/nologin
uucp:x:10:10:uucp:/var/spool/uucp:/usr/sbin/nologin
proxy:x:13:13:proxy:/bin:/usr/sbin/nologin
www-data:x:33:33:www-data:/var/www:/usr/sbin/nologin
backup:x:34:34:backup:/var/backups:/usr/sbin/nologin
list:x:38:38:Mailing List Manager:/var/list:/usr/sbin/nologin
irc:x:39:39:ircd:/var/run/ircd:/usr/sbin/nologin
gnats:x:41:41:Gnats Bug-Reporting System (admin):/var/lib/gnats:/usr/sbin/nologin
nobody:x:65534:65534:nobody:/nonexistent:/usr/sbin/nologin
Debian-exim:x:101:103::/var/spool/exim4:/bin/false
statd:x:102:65534::/var/lib/nfs:/bin/false
loogear:x:1000:1000:loogear,,,:/home/loogear:/bin/bash
sshd:x:103:65534::/var/run/sshd:/usr/sbin/nologin
mysql:x:104:106:MySQL Server,,,:/nonexistent:/bin/false
messagebus:x:105:107::/var/run/dbus:/bin/false
colord:x:107:111:colord colour management daemon,,,:/var/lib/colord:/bin/false
saned:x:108:112::/var/lib/saned:/bin/false
tomcat7:x:106:108::/usr/share/tomcat7:/bin/false
uuidd:x:100:101::/run/uuidd:/bin/false
systemd-timesync:x:109:115:systemd Time Synchronization,,,:/run/systemd:/bin/false
systemd-network:x:110:116:systemd Network Management,,,:/run/systemd/netif:/bin/false
systemd-resolve:x:111:117:systemd Resolver,,,:/run/systemd/resolve:/bin/false
systemd-bus-proxy:x:112:118:systemd Bus Proxy,,,:/run/systemd:/bin/false
memcache:x:113:121:Memcached,,,:/nonexistent:/bin/false
ntp:x:114:122::/home/ntp:/bin/false
freeswitch:x:999:999:FreeSWITCH:/var/lib/freeswitch:/bin/false
postgres:x:115:123:PostgreSQL administrator,,,:/var/lib/postgresql:/bin/bash
epmd:x:116:124::/var/run/epmd:/bin/false
avahi:x:117:127:Avahi mDNS daemon,,,:/var/run/avahi-daemon:/bin/false
dnsmasq:x:118:65534:dnsmasq,,,:/var/lib/misc:/bin/false
geoclue:x:119:129::/var/lib/geoclue:/bin/false
Debian-gdm:x:120:130:Gnome Display Manager:/var/lib/gdm3:/bin/false
pulse:x:121:131:PulseAudio daemon,,,:/var/run/pulse:/bin/false
rtkit:x:123:133:RealtimeKit,,,:/proc:/bin/false
usbmux:x:124:46:usbmux daemon,,,:/var/lib/usbmux:/bin/false
speech-dispatcher:x:122:29:Speech Dispatcher,,,:/var/run/speech-dispatcher:/bin/sh
tomcat8:x:125:134::/usr/share/tomcat8:/bin/false
conference:x:1001:1001::/home/conference:/bin/sh
sparklecomm-server:x:126:135::/usr/local/sparklecomm-server:/bin/false
br0       Link encap:Ethernet  HWaddr 00:0c:29:19:22:8d  
          inet addr:192.168.0.247  Bcast:192.168.0.255  Mask:255.255.255.0
          inet6 addr: fe80::20c:29ff:fe19:228d/64 Scope:Link
          UP BROADCAST RUNNING MULTICAST  MTU:1500  Metric:1
          RX packets:3135498 errors:0 dropped:25 overruns:0 frame:0
          TX packets:2684628 errors:0 dropped:0 overruns:0 carrier:0
          collisions:0 txqueuelen:0 
          RX bytes:1902839766 (1.7 GiB)  TX bytes:1491779306 (1.3 GiB)

eth0      Link encap:Ethernet  HWaddr 00:0c:29:19:22:8d  
          UP BROADCAST RUNNING MULTICAST  MTU:1500  Metric:1
          RX packets:3180553 errors:0 dropped:263 overruns:0 frame:0
          TX packets:3306445 errors:0 dropped:0 overruns:0 carrier:0
          collisions:0 txqueuelen:1000 
          RX bytes:1951825977 (1.8 GiB)  TX bytes:2411979647 (2.2 GiB)

lo        Link encap:Local Loopback  
          inet addr:127.0.0.1  Mask:255.0.0.0
          inet6 addr: ::1/128 Scope:Host
          UP LOOPBACK RUNNING  MTU:65536  Metric:1
          RX packets:1080496 errors:0 dropped:0 overruns:0 frame:0
          TX packets:1080496 errors:0 dropped:0 overruns:0 carrier:0
          collisions:0 txqueuelen:0 
          RX bytes:84549218 (80.6 MiB)  TX bytes:84549218 (80.6 MiB)

br0       Link encap:Ethernet  HWaddr 00:0c:29:19:22:8d  
          inet addr:192.168.0.247  Bcast:192.168.0.255  Mask:255.255.255.0
          inet6 addr: fe80::20c:29ff:fe19:228d/64 Scope:Link
          UP BROADCAST RUNNING MULTICAST  MTU:1500  Metric:1
          RX packets:3135601 errors:0 dropped:25 overruns:0 frame:0
          TX packets:2684719 errors:0 dropped:0 overruns:0 carrier:0
          collisions:0 txqueuelen:0 
          RX bytes:1902856022 (1.7 GiB)  TX bytes:1491792619 (1.3 GiB)

eth0      Link encap:Ethernet  HWaddr 00:0c:29:19:22:8d  
          UP BROADCAST RUNNING MULTICAST  MTU:1500  Metric:1
          RX packets:3180656 errors:0 dropped:263 overruns:0 frame:0
          TX packets:3306536 errors:0 dropped:0 overruns:0 carrier:0
          collisions:0 txqueuelen:1000 
          RX bytes:1951843675 (1.8 GiB)  TX bytes:2411993428 (2.2 GiB)

lo        Link encap:Local Loopback  
          inet addr:127.0.0.1  Mask:255.0.0.0
          inet6 addr: ::1/128 Scope:Host
          UP LOOPBACK RUNNING  MTU:65536  Metric:1
          RX packets:1080664 errors:0 dropped:0 overruns:0 frame:0
          TX packets:1080664 errors:0 dropped:0 overruns:0 carrier:0
          collisions:0 txqueuelen:0 
          RX bytes:84563090 (80.6 MiB)  TX bytes:84563090 (80.6 MiB)

root:x:0:0:root:/root:/bin/bash
daemon:x:1:1:daemon:/usr/sbin:/usr/sbin/nologin
bin:x:2:2:bin:/bin:/usr/sbin/nologin
sys:x:3:3:sys:/dev:/usr/sbin/nologin
sync:x:4:65534:sync:/bin:/bin/sync
games:x:5:60:games:/usr/games:/usr/sbin/nologin
man:x:6:12:man:/var/cache/man:/usr/sbin/nologin
lp:x:7:7:lp:/var/spool/lpd:/usr/sbin/nologin
mail:x:8:8:mail:/var/mail:/usr/sbin/nologin
news:x:9:9:news:/var/spool/news:/usr/sbin/nologin
uucp:x:10:10:uucp:/var/spool/uucp:/usr/sbin/nologin
proxy:x:13:13:proxy:/bin:/usr/sbin/nologin
www-data:x:33:33:www-data:/var/www:/usr/sbin/nologin
backup:x:34:34:backup:/var/backups:/usr/sbin/nologin
list:x:38:38:Mailing List Manager:/var/list:/usr/sbin/nologin
irc:x:39:39:ircd:/var/run/ircd:/usr/sbin/nologin
gnats:x:41:41:Gnats Bug-Reporting System (admin):/var/lib/gnats:/usr/sbin/nologin
nobody:x:65534:65534:nobody:/nonexistent:/usr/sbin/nologin
Debian-exim:x:101:103::/var/spool/exim4:/bin/false
statd:x:102:65534::/var/lib/nfs:/bin/false
loogear:x:1000:1000:loogear,,,:/home/loogear:/bin/bash
sshd:x:103:65534::/var/run/sshd:/usr/sbin/nologin
mysql:x:104:106:MySQL Server,,,:/nonexistent:/bin/false
messagebus:x:105:107::/var/run/dbus:/bin/false
colord:x:107:111:colord colour management daemon,,,:/var/lib/colord:/bin/false
saned:x:108:112::/var/lib/saned:/bin/false
tomcat7:x:106:108::/usr/share/tomcat7:/bin/false
uuidd:x:100:101::/run/uuidd:/bin/false
systemd-timesync:x:109:115:systemd Time Synchronization,,,:/run/systemd:/bin/false
systemd-network:x:110:116:systemd Network Management,,,:/run/systemd/netif:/bin/false
systemd-resolve:x:111:117:systemd Resolver,,,:/run/systemd/resolve:/bin/false
systemd-bus-proxy:x:112:118:systemd Bus Proxy,,,:/run/systemd:/bin/false
memcache:x:113:121:Memcached,,,:/nonexistent:/bin/false
ntp:x:114:122::/home/ntp:/bin/false
freeswitch:x:999:999:FreeSWITCH:/var/lib/freeswitch:/bin/false
postgres:x:115:123:PostgreSQL administrator,,,:/var/lib/postgresql:/bin/bash
epmd:x:116:124::/var/run/epmd:/bin/false
avahi:x:117:127:Avahi mDNS daemon,,,:/var/run/avahi-daemon:/bin/false
dnsmasq:x:118:65534:dnsmasq,,,:/var/lib/misc:/bin/false
geoclue:x:119:129::/var/lib/geoclue:/bin/false
Debian-gdm:x:120:130:Gnome Display Manager:/var/lib/gdm3:/bin/false
pulse:x:121:131:PulseAudio daemon,,,:/var/run/pulse:/bin/false
rtkit:x:123:133:RealtimeKit,,,:/proc:/bin/false
usbmux:x:124:46:usbmux daemon,,,:/var/lib/usbmux:/bin/false
speech-dispatcher:x:122:29:Speech Dispatcher,,,:/var/run/speech-dispatcher:/bin/sh
tomcat8:x:125:134::/usr/share/tomcat8:/bin/false
conference:x:1001:1001::/home/conference:/bin/sh
sparklecomm-server:x:126:135::/usr/local/sparklecomm-server:/bin/false
